<?xml version="1.0" encoding="UTF-8"?>
<testng-results ignored="4" total="6" passed="2" failed="0" skipped="0">
  <reporter-output>
  </reporter-output>
  <suite started-at="2025-01-10T01:07:43 IST" name="Suite" finished-at="2025-01-10T01:08:35 IST" duration-ms="52043">
    <groups>
    </groups>
    <test started-at="2025-01-10T01:07:43 IST" name="Test" finished-at="2025-01-10T01:08:35 IST" duration-ms="52043">
      <class name="com.ebay.testcases.EbayTest">
        <test-method is-config="true" signature="setUp()[pri:0, instance:com.ebay.testcases.EbayTest@265adfad]" started-at="2025-01-10T01:07:42 IST" name="setUp" finished-at="2025-01-10T01:07:43 IST" duration-ms="791" status="PASS">
          <reporter-output>
          </reporter-output>
        </test-method> <!-- setUp -->
        <test-method signature="validateEbayTestOne()[pri:0, instance:com.ebay.testcases.EbayTest@265adfad]" started-at="2025-01-10T01:07:43 IST" name="validateEbayTestOne" finished-at="2025-01-10T01:08:30 IST" duration-ms="47907" status="PASS">
          <reporter-output>
          </reporter-output>
        </test-method> <!-- validateEbayTestOne -->
        <test-method is-config="true" signature="closeBrowser()[pri:0, instance:com.ebay.testcases.EbayTest@265adfad]" started-at="2025-01-10T01:08:30 IST" name="closeBrowser" finished-at="2025-01-10T01:08:31 IST" duration-ms="269" status="PASS">
          <reporter-output>
          </reporter-output>
        </test-method> <!-- closeBrowser -->
        <test-method is-config="true" signature="tearDown()[pri:0, instance:com.ebay.testcases.EbayTest@265adfad]" started-at="2025-01-10T01:08:35 IST" name="tearDown" finished-at="2025-01-10T01:08:35 IST" duration-ms="524" status="PASS">
          <reporter-output>
          </reporter-output>
        </test-method> <!-- tearDown -->
      </class> <!-- com.ebay.testcases.EbayTest -->
      <class name="com.ebay.testcases.CoinDeskTest">
        <test-method signature="validateCoinDeskTestOne()[pri:0, instance:com.ebay.testcases.CoinDeskTest@1603cd68]" started-at="2025-01-10T01:08:31 IST" name="validateCoinDeskTestOne" finished-at="2025-01-10T01:08:35 IST" duration-ms="3845" status="PASS">
          <reporter-output>
          </reporter-output>
        </test-method> <!-- validateCoinDeskTestOne -->
      </class> <!-- com.ebay.testcases.CoinDeskTest -->
    </test> <!-- Test -->
  </suite> <!-- Suite -->
</testng-results>
