<?xml version="1.0" encoding="UTF-8"?>
<!-- Generated by org.testng.reporters.JUnitXMLReporter -->
<testsuite ignored="4" hostname="VyshakaShamanth" failures="0" tests="2" name="Test" time="52.043" errors="0" timestamp="2025-01-10T01:08:35 IST">
  <testcase classname="com.ebay.testcases.EbayTest" name="validateEbayTestOne" time="47.907"/>
  <testcase classname="com.ebay.testcases.CoinDeskTest" name="validateCoinDeskTestOne" time="3.845"/>
  <testcase classname="com.ebay.driver.Driver" name="@BeforeSuite setUp" time="0.0">
    <ignored/>
  </testcase> <!-- @BeforeSuite setUp -->
  <testcase classname="com.ebay.driver.Driver" name="@BeforeSuite setUp" time="0.0">
    <ignored/>
  </testcase> <!-- @BeforeSuite setUp -->
  <testcase classname="com.ebay.driver.Driver" name="@AfterSuite tearDown" time="0.0">
    <ignored/>
  </testcase> <!-- @AfterSuite tearDown -->
  <testcase classname="com.ebay.driver.Driver" name="@AfterSuite tearDown" time="0.0">
    <ignored/>
  </testcase> <!-- @AfterSuite tearDown -->
</testsuite> <!-- Test -->
